# JRE version: Java(TM) SE Runtime Environment (8.0_111-b14) (build 1.8.0_111-b14)
# Java VM: Java HotSpot(TM) 64-Bit Server VM (25.111-b14 mixed mode windows-amd64 compressed oops)
Heap:
 PSYoungGen      total 198144K, used 15451K [0x00000000f0000000, 0x00000000ff780000, 0x0000000100000000)
  eden space 169472K, 1% used [0x00000000f0000000,0x00000000f034c788,0x00000000fa580000)
  from space 28672K, 42% used [0x00000000fa580000,0x00000000fb14a7d8,0x00000000fc180000)
  to   space 27648K, 0% used [0x00000000fdc80000,0x00000000fdc80000,0x00000000ff780000)
 ParOldGen       total 127488K, used 86643K [0x00000000d0000000, 0x00000000d7c80000, 0x00000000f0000000)
  object space 127488K, 67% used [0x00000000d0000000,0x00000000d549ccf0,0x00000000d7c80000)
 Metaspace       used 90421K, capacity 101592K, committed 101936K, reserved 1138688K
  class space    used 12041K, capacity 12734K, committed 12848K, reserved 1048576K
GC Heap History (10 events):
Event: 213.672 GC heap before
{Heap before GC invocations=30 (full 4):
 PSYoungGen      total 156672K, used 1638K [0x00000000f0000000, 0x00000000fa400000, 0x0000000100000000)
  eden space 145408K, 1% used [0x00000000f0000000,0x00000000f0199950,0x00000000f8e00000)
  from space 11264K, 0% used [0x00000000f8e00000,0x00000000f8e00000,0x00000000f9900000)
  to   space 11264K, 0% used [0x00000000f9900000,0x00000000f9900000,0x00000000fa400000)
 ParOldGen       total 127488K, used 24922K [0x00000000d0000000, 0x00000000d7c80000, 0x00000000f0000000)
  object space 127488K, 19% used [0x00000000d0000000,0x00000000d18569b0,0x00000000d7c80000)
 Metaspace       used 66578K, capacity 73682K, committed 74032K, reserved 1114112K
  class space    used 9242K, capacity 9735K, committed 9776K, reserved 1048576K
Event: 213.674 GC heap after
Heap after GC invocations=30 (full 4):
 PSYoungGen      total 156160K, used 96K [0x00000000f0000000, 0x00000000fa500000, 0x0000000100000000)
  eden space 144896K, 0% used [0x00000000f0000000,0x00000000f0000000,0x00000000f8d80000)
  from space 11264K, 0% used [0x00000000f9900000,0x00000000f9918000,0x00000000fa400000)
  to   space 11776K, 0% used [0x00000000f8d80000,0x00000000f8d80000,0x00000000f9900000)
 ParOldGen       total 127488K, used 24922K [0x00000000d0000000, 0x00000000d7c80000, 0x00000000f0000000)
  object space 127488K, 19% used [0x00000000d0000000,0x00000000d18569b0,0x00000000d7c80000)
 Metaspace       used 66578K, capacity 73682K, committed 74032K, reserved 1114112K
  class space    used 9242K, capacity 9735K, committed 9776K, reserved 1048576K
}
Event: 213.674 GC heap before
{Heap before GC invocations=31 (full 5):
 PSYoungGen      total 156160K, used 96K [0x00000000f0000000, 0x00000000fa500000, 0x0000000100000000)
  eden space 144896K, 0% used [0x00000000f0000000,0x00000000f0000000,0x00000000f8d80000)
  from space 11264K, 0% used [0x00000000f9900000,0x00000000f9918000,0x00000000fa400000)
  to   space 11776K, 0% used [0x00000000f8d80000,0x00000000f8d80000,0x00000000f9900000)
 ParOldGen       total 127488K, used 24922K [0x00000000d0000000, 0x00000000d7c80000, 0x00000000f0000000)
  object space 127488K, 19% used [0x00000000d0000000,0x00000000d18569b0,0x00000000d7c80000)
 Metaspace       used 66578K, capacity 73682K, committed 74032K, reserved 1114112K
  class space    used 9242K, capacity 9735K, committed 9776K, reserved 1048576K
Event: 213.770 GC heap after
Heap after GC invocations=31 (full 5):
 PSYoungGen      total 156160K, used 0K [0x00000000f0000000, 0x00000000fa500000, 0x0000000100000000)
  eden space 144896K, 0% used [0x00000000f0000000,0x00000000f0000000,0x00000000f8d80000)
  from space 11264K, 0% used [0x00000000f9900000,0x00000000f9900000,0x00000000fa400000)
  to   space 11776K, 0% used [0x00000000f8d80000,0x00000000f8d80000,0x00000000f9900000)
 ParOldGen       total 127488K, used 24050K [0x00000000d0000000, 0x00000000d7c80000, 0x00000000f0000000)
  object space 127488K, 18% used [0x00000000d0000000,0x00000000d177cb98,0x00000000d7c80000)
 Metaspace       used 66578K, capacity 73682K, committed 74032K, reserved 1114112K
  class space    used 9242K, capacity 9735K, committed 9776K, reserved 1048576K
}
Event: 216.204 GC heap before
{Heap before GC invocations=32 (full 5):
 PSYoungGen      total 156160K, used 144896K [0x00000000f0000000, 0x00000000fa500000, 0x0000000100000000)
  eden space 144896K, 100% used [0x00000000f0000000,0x00000000f8d80000,0x00000000f8d80000)
  from space 11264K, 0% used [0x00000000f9900000,0x00000000f9900000,0x00000000fa400000)
  to   space 11776K, 0% used [0x00000000f8d80000,0x00000000f8d80000,0x00000000f9900000)
 ParOldGen       total 127488K, used 24050K [0x00000000d0000000, 0x00000000d7c80000, 0x00000000f0000000)
  object space 127488K, 18% used [0x00000000d0000000,0x00000000d177cb98,0x00000000d7c80000)
 Metaspace       used 81384K, capacity 90286K, committed 90544K, reserved 1128448K
  class space    used 10866K, capacity 11428K, committed 11440K, reserved 1048576K
Event: 216.249 GC heap after
Heap after GC invocations=32 (full 5):
 PSYoungGen      total 156672K, used 11744K [0x00000000f0000000, 0x00000000fdb80000, 0x0000000100000000)
  eden space 144896K, 0% used [0x00000000f0000000,0x00000000f0000000,0x00000000f8d80000)
  from space 11776K, 99% used [0x00000000f8d80000,0x00000000f98f8040,0x00000000f9900000)
  to   space 26624K, 0% used [0x00000000fc180000,0x00000000fc180000,0x00000000fdb80000)
 ParOldGen       total 127488K, used 59980K [0x00000000d0000000, 0x00000000d7c80000, 0x00000000f0000000)
  object space 127488K, 47% used [0x00000000d0000000,0x00000000d3a93268,0x00000000d7c80000)
 Metaspace       used 81384K, capacity 90286K, committed 90544K, reserved 1128448K
  class space    used 10866K, capacity 11428K, committed 11440K, reserved 1048576K
}
Event: 218.213 GC heap before
{Heap before GC invocations=33 (full 5):
 PSYoungGen      total 156672K, used 156640K [0x00000000f0000000, 0x00000000fdb80000, 0x0000000100000000)
  eden space 144896K, 100% used [0x00000000f0000000,0x00000000f8d80000,0x00000000f8d80000)
  from space 11776K, 99% used [0x00000000f8d80000,0x00000000f98f8040,0x00000000f9900000)
  to   space 26624K, 0% used [0x00000000fc180000,0x00000000fc180000,0x00000000fdb80000)
 ParOldGen       total 127488K, used 59980K [0x00000000d0000000, 0x00000000d7c80000, 0x00000000f0000000)
  object space 127488K, 47% used [0x00000000d0000000,0x00000000d3a93268,0x00000000d7c80000)
 Metaspace       used 86758K, capacity 96842K, committed 96944K, reserved 1134592K
  class space    used 11506K, capacity 12151K, committed 12208K, reserved 1048576K
Event: 218.244 GC heap after
Heap after GC invocations=33 (full 5):
 PSYoungGen      total 196096K, used 20067K [0x00000000f0000000, 0x00000000fde00000, 0x0000000100000000)
  eden space 169472K, 0% used [0x00000000f0000000,0x00000000f0000000,0x00000000fa580000)
  from space 26624K, 75% used [0x00000000fc180000,0x00000000fd518fd8,0x00000000fdb80000)
  to   space 28672K, 0% used [0x00000000fa580000,0x00000000fa580000,0x00000000fc180000)
 ParOldGen       total 127488K, used 71776K [0x00000000d0000000, 0x00000000d7c80000, 0x00000000f0000000)
  object space 127488K, 56% used [0x00000000d0000000,0x00000000d46181b8,0x00000000d7c80000)
 Metaspace       used 86758K, capacity 96842K, committed 96944K, reserved 1134592K
  class space    used 11506K, capacity 12151K, committed 12208K, reserved 1048576K
}
Event: 220.144 GC heap before
{Heap before GC invocations=34 (full 5):
 PSYoungGen      total 196096K, used 189539K [0x00000000f0000000, 0x00000000fde00000, 0x0000000100000000)
  eden space 169472K, 100% used [0x00000000f0000000,0x00000000fa580000,0x00000000fa580000)
  from space 26624K, 75% used [0x00000000fc180000,0x00000000fd518fd8,0x00000000fdb80000)
  to   space 28672K, 0% used [0x00000000fa580000,0x00000000fa580000,0x00000000fc180000)
 ParOldGen       total 127488K, used 71776K [0x00000000d0000000, 0x00000000d7c80000, 0x00000000f0000000)
  object space 127488K, 56% used [0x00000000d0000000,0x00000000d46181b8,0x00000000d7c80000)
 Metaspace       used 90293K, capacity 101496K, committed 101552K, reserved 1138688K
  class space    used 12029K, capacity 12702K, committed 12720K, reserved 1048576K
Event: 220.172 GC heap after
Heap after GC invocations=34 (full 5):
 PSYoungGen      total 198144K, used 12073K [0x00000000f0000000, 0x00000000ff780000, 0x0000000100000000)
  eden space 169472K, 0% used [0x00000000f0000000,0x00000000f0000000,0x00000000fa580000)
  from space 28672K, 42% used [0x00000000fa580000,0x00000000fb14a7d8,0x00000000fc180000)
  to   space 27648K, 0% used [0x00000000fdc80000,0x00000000fdc80000,0x00000000ff780000)
 ParOldGen       total 127488K, used 86643K [0x00000000d0000000, 0x00000000d7c80000, 0x00000000f0000000)
  object space 127488K, 67% used [0x00000000d0000000,0x00000000d549ccf0,0x00000000d7c80000)
 Metaspace       used 90293K, capacity 101496K, committed 101552K, reserved 1138688K
  class space    used 12029K, capacity 12702K, committed 12720K, reserved 1048576K
}

